INFO - Loaded 101 instances from outputs/gsm/cot/batch_8_cot_707_808.jsonl
INFO - Loaded 101 instances from outputs/gsm/pot/batch_8_pot_707_808.jsonl
INFO - Loaded 101 instances from outputs/gsm/eot/batch_8_eot_707_808.jsonl
INFO - Loaded 101 instances from outputs/gsm/check_pot/batch_8_check_pot_707_808.jsonl
INFO - Loaded 101 instances from outputs/gsm/check_eot/batch_8_check_eot_707_808.jsonl
INFO - Loaded 101 instances from outputs/gsm/plan/batch_8_plan_707_808.jsonl
INFO - Data length: 101
INFO - ===== Single performance =====
INFO - cot: 0.38613861386138615
INFO - pot: 0.6831683168316832
INFO - eot: 0.5148514851485149
INFO - ===== XoT is good at =====
INFO - cot: 3
INFO - pot: 16
INFO - eot: 3
INFO - ===== OR =====
INFO - pot or eot: 76, 0.7524752475247525
INFO - pot or cot: 76, 0.7524752475247525
INFO - cot or eot: 63, 0.6237623762376238
INFO - all or: 79, 0.7821782178217822
INFO - ===== Assertion confusion matrix: pot =====
INFO - score1_check1: 53
INFO - score1_check0: 16
INFO - score0_check1: 9
INFO - score0_check0: 23
INFO - Confusion Matrix:
INFO - |   Predicted 0 |   Predicted 1 |
|--------------:|--------------:|
|            23 |             9 |
|            16 |            53 |
INFO - Accuracy: 0.7524752475247525
INFO - False Positive Rate: 0.28125
INFO - False Negative Rate: 0.2318840579710145
INFO - ===== Assertion confusion matrix: eot =====
INFO - score1_check1: 24
INFO - score1_check0: 28
INFO - score0_check1: 10
INFO - score0_check0: 39
INFO - Confusion Matrix:
INFO - |   Predicted 0 |   Predicted 1 |
|--------------:|--------------:|
|            39 |            10 |
|            28 |            24 |
INFO - Accuracy: 0.6237623762376238
INFO - False Positive Rate: 0.20408163265306123
INFO - False Negative Rate: 0.5384615384615384
INFO - Confusion Matrix:
INFO - |   Predicted 0 |   Predicted 1 |
|--------------:|--------------:|
|             8 |            24 |
|             0 |            69 |
INFO - Accuracy: 0.7623762376237624
INFO - False Positive Rate: 0.75
INFO - False Negative Rate: 0.0
INFO - Confusion Matrix:
INFO - |   Predicted 0 |   Predicted 1 |
|--------------:|--------------:|
|            27 |            22 |
|             0 |            52 |
INFO - Accuracy: 0.7821782178217822
INFO - False Positive Rate: 0.4489795918367347
INFO - False Negative Rate: 0.0
INFO - ===== Assert pot & eot =====
INFO - 0.693069306930693
INFO - ===== Assert pot & cot =====
INFO - 0.6435643564356436
INFO - ===== Assert eot & pot =====
INFO - 0.6831683168316832
INFO - ===== Assert eot & cot =====
INFO - 0.44554455445544555
INFO - ===== Passive pot & cot =====
INFO - 0.6831683168316832
INFO - ===== Passive eot & cot =====
INFO - 0.5841584158415841
INFO - ===== Assert eot & pot & cot =====
INFO - 0.6336633663366337
INFO - ===== Assert pot & eot & cot =====
INFO - 0.6534653465346535
INFO - ===== Majority Vote =====
INFO - 0.6435643564356436
INFO - ===== Plan PoT & EoT =====
INFO - 0.5841584158415841
INFO - Unknown plan method: 0
INFO - ===== Plan PoT & CoT =====
INFO - 0.46534653465346537
INFO - Unknown plan method: 0
INFO - Count PoT: 28 (0.27722772277227725), CoT: 73 (0.7227722772277227)
INFO - ===== Plan Assert PE =====
INFO - 0.693069306930693
INFO - Unknown plan method: 0
INFO - ===== Plan Passive XoT =====
INFO - 0.7128712871287128
INFO - Avg Steps: 1.2871287128712872
INFO - Unknown plan method: 0
INFO - ===== XoT main results =====
INFO - 0.6435643564356436
INFO - Avg Steps: 1.811881188118812
INFO - Unknown plan method: 0
INFO - ===== PEC ratio =====
INFO - PoT: 46,0.45544554455445546, EoT: 26, 0.25742574257425743,CoT: 29,0.2871287128712871
INFO - Save results at outputs/logs/gsm_analysis_0102-121609.log
