INFO - Loaded 101 instances from outputs/gsm/cot/batch_5_cot_404_505.jsonl
INFO - Loaded 101 instances from outputs/gsm/pot/batch_5_pot_404_505.jsonl
INFO - Loaded 101 instances from outputs/gsm/eot/batch_5_eot_404_505.jsonl
INFO - Loaded 101 instances from outputs/gsm/check_pot/batch_5_check_pot_404_505.jsonl
INFO - Loaded 101 instances from outputs/gsm/check_eot/batch_5_check_eot_404_505.jsonl
INFO - Loaded 101 instances from outputs/gsm/plan/batch_5_plan_404_505.jsonl
INFO - Data length: 101
INFO - ===== Single performance =====
INFO - cot: 0.42574257425742573
INFO - pot: 0.693069306930693
INFO - eot: 0.504950495049505
INFO - ===== XoT is good at =====
INFO - cot: 4
INFO - pot: 15
INFO - eot: 3
INFO - ===== OR =====
INFO - pot or eot: 77, 0.7623762376237624
INFO - pot or cot: 78, 0.7722772277227723
INFO - cot or eot: 66, 0.6534653465346535
INFO - all or: 81, 0.801980198019802
INFO - ===== Assertion confusion matrix: pot =====
INFO - score1_check1: 41
INFO - score1_check0: 29
INFO - score0_check1: 12
INFO - score0_check0: 19
INFO - Confusion Matrix:
INFO - |   Predicted 0 |   Predicted 1 |
|--------------:|--------------:|
|            19 |            12 |
|            29 |            41 |
INFO - Accuracy: 0.594059405940594
INFO - False Positive Rate: 0.3870967741935484
INFO - False Negative Rate: 0.4142857142857143
INFO - ===== Assertion confusion matrix: eot =====
INFO - score1_check1: 24
INFO - score1_check0: 27
INFO - score0_check1: 11
INFO - score0_check0: 39
INFO - Confusion Matrix:
INFO - |   Predicted 0 |   Predicted 1 |
|--------------:|--------------:|
|            39 |            11 |
|            27 |            24 |
INFO - Accuracy: 0.6237623762376238
INFO - False Positive Rate: 0.22
INFO - False Negative Rate: 0.5294117647058824
INFO - Confusion Matrix:
INFO - |   Predicted 0 |   Predicted 1 |
|--------------:|--------------:|
|             7 |            24 |
|             0 |            70 |
INFO - Accuracy: 0.7623762376237624
INFO - False Positive Rate: 0.7741935483870968
INFO - False Negative Rate: 0.0
INFO - Confusion Matrix:
INFO - |   Predicted 0 |   Predicted 1 |
|--------------:|--------------:|
|            29 |            21 |
|             0 |            51 |
INFO - Accuracy: 0.7920792079207921
INFO - False Positive Rate: 0.42
INFO - False Negative Rate: 0.0
INFO - ===== Assert pot & eot =====
INFO - 0.6435643564356436
INFO - ===== Assert pot & cot =====
INFO - 0.5445544554455446
INFO - ===== Assert eot & pot =====
INFO - 0.6831683168316832
INFO - ===== Assert eot & cot =====
INFO - 0.5148514851485149
INFO - ===== Passive pot & cot =====
INFO - 0.693069306930693
INFO - ===== Passive eot & cot =====
INFO - 0.594059405940594
INFO - ===== Assert eot & pot & cot =====
INFO - 0.5742574257425742
INFO - ===== Assert pot & eot & cot =====
INFO - 0.594059405940594
INFO - ===== Majority Vote =====
INFO - 0.6435643564356436
INFO - ===== Plan PoT & EoT =====
INFO - 0.5742574257425742
INFO - Unknown plan method: 0
INFO - ===== Plan PoT & CoT =====
INFO - 0.5148514851485149
INFO - Unknown plan method: 0
INFO - Count PoT: 23 (0.22772277227722773), CoT: 78 (0.7722772277227723)
INFO - ===== Plan Assert PE =====
INFO - 0.6534653465346535
INFO - Unknown plan method: 0
INFO - ===== Plan Passive XoT =====
INFO - 0.6435643564356436
INFO - Avg Steps: 1.2574257425742574
INFO - Unknown plan method: 0
INFO - ===== XoT main results =====
INFO - 0.5742574257425742
INFO - Avg Steps: 2.00990099009901
INFO - Unknown plan method: 0
INFO - ===== PEC ratio =====
INFO - PoT: 37,0.36633663366336633, EoT: 28, 0.27722772277227725,CoT: 36,0.3564356435643564
INFO - Save results at outputs/logs/gsm_analysis_1231-200811.log
