INFO - Loaded 101 instances from outputs/gsm/cot/batch_6_cot_505_606.jsonl
INFO - Loaded 101 instances from outputs/gsm/pot/batch_6_pot_505_606.jsonl
INFO - Loaded 101 instances from outputs/gsm/eot/batch_6_eot_505_606.jsonl
INFO - Loaded 101 instances from outputs/gsm/check_pot/batch_6_check_pot_505_606.jsonl
INFO - Loaded 101 instances from outputs/gsm/check_eot/batch_6_check_eot_505_606.jsonl
INFO - Loaded 101 instances from outputs/gsm/plan/batch_6_plan_505_606.jsonl
INFO - Data length: 101
INFO - ===== Single performance =====
INFO - cot: 0.32673267326732675
INFO - pot: 0.5643564356435643
INFO - eot: 0.40594059405940597
INFO - ===== XoT is good at =====
INFO - cot: 2
INFO - pot: 11
INFO - eot: 6
INFO - ===== OR =====
INFO - pot or eot: 64, 0.6336633663366337
INFO - pot or cot: 60, 0.594059405940594
INFO - cot or eot: 55, 0.5445544554455446
INFO - all or: 66, 0.6534653465346535
INFO - ===== Assertion confusion matrix: pot =====
INFO - score1_check1: 40
INFO - score1_check0: 17
INFO - score0_check1: 17
INFO - score0_check0: 27
INFO - Confusion Matrix:
INFO - |   Predicted 0 |   Predicted 1 |
|--------------:|--------------:|
|            27 |            17 |
|            17 |            40 |
INFO - Accuracy: 0.6633663366336634
INFO - False Positive Rate: 0.38636363636363635
INFO - False Negative Rate: 0.2982456140350877
INFO - ===== Assertion confusion matrix: eot =====
INFO - score1_check1: 17
INFO - score1_check0: 24
INFO - score0_check1: 14
INFO - score0_check0: 46
INFO - Confusion Matrix:
INFO - |   Predicted 0 |   Predicted 1 |
|--------------:|--------------:|
|            46 |            14 |
|            24 |            17 |
INFO - Accuracy: 0.6237623762376238
INFO - False Positive Rate: 0.23333333333333334
INFO - False Negative Rate: 0.5853658536585366
INFO - Confusion Matrix:
INFO - |   Predicted 0 |   Predicted 1 |
|--------------:|--------------:|
|             9 |            35 |
|             0 |            57 |
INFO - Accuracy: 0.6534653465346535
INFO - False Positive Rate: 0.7954545454545454
INFO - False Negative Rate: 0.0
INFO - Confusion Matrix:
INFO - |   Predicted 0 |   Predicted 1 |
|--------------:|--------------:|
|            27 |            33 |
|             0 |            41 |
INFO - Accuracy: 0.6732673267326733
INFO - False Positive Rate: 0.55
INFO - False Negative Rate: 0.0
INFO - ===== Assert pot & eot =====
INFO - 0.5247524752475248
INFO - ===== Assert pot & cot =====
INFO - 0.4752475247524752
INFO - ===== Assert eot & pot =====
INFO - 0.49504950495049505
INFO - ===== Assert eot & cot =====
INFO - 0.37623762376237624
INFO - ===== Passive pot & cot =====
INFO - 0.5643564356435643
INFO - ===== Passive eot & cot =====
INFO - 0.4752475247524752
INFO - ===== Assert eot & pot & cot =====
INFO - 0.44554455445544555
INFO - ===== Assert pot & eot & cot =====
INFO - 0.49504950495049505
INFO - ===== Majority Vote =====
INFO - 0.5148514851485149
INFO - ===== Plan PoT & EoT =====
INFO - 0.45544554455445546
INFO - Unknown plan method: 0
INFO - ===== Plan PoT & CoT =====
INFO - 0.38613861386138615
INFO - Unknown plan method: 0
INFO - Count PoT: 31 (0.3069306930693069), CoT: 70 (0.693069306930693)
INFO - ===== Plan Assert PE =====
INFO - 0.5148514851485149
INFO - Unknown plan method: 0
INFO - ===== Plan Passive XoT =====
INFO - 0.5544554455445545
INFO - Avg Steps: 1.2574257425742574
INFO - Unknown plan method: 0
INFO - ===== XoT main results =====
INFO - 0.46534653465346537
INFO - Avg Steps: 1.9801980198019802
INFO - Unknown plan method: 0
INFO - ===== PEC ratio =====
INFO - PoT: 42,0.4158415841584158, EoT: 24, 0.2376237623762376,CoT: 35,0.3465346534653465
INFO - Save results at outputs/logs/gsm_analysis_0102-093058.log
