INFO - Loaded 101 instances from outputs/gsm/cot/batch_7_cot_606_707.jsonl
INFO - Loaded 101 instances from outputs/gsm/pot/batch_7_pot_606_707.jsonl
INFO - Loaded 101 instances from outputs/gsm/eot/batch_7_eot_606_707.jsonl
INFO - Loaded 101 instances from outputs/gsm/check_pot/batch_7_check_pot_606_707.jsonl
INFO - Loaded 101 instances from outputs/gsm/check_eot/batch_7_check_eot_606_707.jsonl
INFO - Loaded 101 instances from outputs/gsm/plan/batch_7_plan_606_707.jsonl
INFO - Data length: 101
INFO - ===== Single performance =====
INFO - cot: 0.3564356435643564
INFO - pot: 0.6831683168316832
INFO - eot: 0.4752475247524752
INFO - ===== XoT is good at =====
INFO - cot: 4
INFO - pot: 20
INFO - eot: 6
INFO - ===== OR =====
INFO - pot or eot: 76, 0.7524752475247525
INFO - pot or cot: 74, 0.7326732673267327
INFO - cot or eot: 60, 0.594059405940594
INFO - all or: 80, 0.7920792079207921
INFO - ===== Assertion confusion matrix: pot =====
INFO - score1_check1: 52
INFO - score1_check0: 17
INFO - score0_check1: 12
INFO - score0_check0: 20
INFO - Confusion Matrix:
INFO - |   Predicted 0 |   Predicted 1 |
|--------------:|--------------:|
|            20 |            12 |
|            17 |            52 |
INFO - Accuracy: 0.7128712871287128
INFO - False Positive Rate: 0.375
INFO - False Negative Rate: 0.2463768115942029
INFO - ===== Assertion confusion matrix: eot =====
INFO - score1_check1: 28
INFO - score1_check0: 20
INFO - score0_check1: 8
INFO - score0_check0: 45
INFO - Confusion Matrix:
INFO - |   Predicted 0 |   Predicted 1 |
|--------------:|--------------:|
|            45 |             8 |
|            20 |            28 |
INFO - Accuracy: 0.7227722772277227
INFO - False Positive Rate: 0.1509433962264151
INFO - False Negative Rate: 0.4166666666666667
INFO - Confusion Matrix:
INFO - |   Predicted 0 |   Predicted 1 |
|--------------:|--------------:|
|             5 |            27 |
|             0 |            69 |
INFO - Accuracy: 0.7326732673267327
INFO - False Positive Rate: 0.84375
INFO - False Negative Rate: 0.0
INFO - Confusion Matrix:
INFO - |   Predicted 0 |   Predicted 1 |
|--------------:|--------------:|
|            32 |            21 |
|             0 |            48 |
INFO - Accuracy: 0.7920792079207921
INFO - False Positive Rate: 0.39622641509433965
INFO - False Negative Rate: 0.0
INFO - ===== Assert pot & eot =====
INFO - 0.6039603960396039
INFO - ===== Assert pot & cot =====
INFO - 0.594059405940594
INFO - ===== Assert eot & pot =====
INFO - 0.6633663366336634
INFO - ===== Assert eot & cot =====
INFO - 0.46534653465346537
INFO - ===== Passive pot & cot =====
INFO - 0.7029702970297029
INFO - ===== Passive eot & cot =====
INFO - 0.5643564356435643
INFO - ===== Assert eot & pot & cot =====
INFO - 0.5841584158415841
INFO - ===== Assert pot & eot & cot =====
INFO - 0.6138613861386139
INFO - ===== Majority Vote =====
INFO - 0.5742574257425742
INFO - ===== Plan PoT & EoT =====
INFO - 0.5544554455445545
INFO - Unknown plan method: 0
INFO - ===== Plan PoT & CoT =====
INFO - 0.43564356435643564
INFO - Unknown plan method: 0
INFO - Count PoT: 28 (0.27722772277227725), CoT: 73 (0.7227722772277227)
INFO - ===== Plan Assert PE =====
INFO - 0.6831683168316832
INFO - Unknown plan method: 0
INFO - ===== Plan Passive XoT =====
INFO - 0.6831683168316832
INFO - Avg Steps: 1.2475247524752475
INFO - Unknown plan method: 0
INFO - ===== XoT main results =====
INFO - 0.6138613861386139
INFO - Avg Steps: 1.8514851485148516
INFO - Unknown plan method: 0
INFO - ===== PEC ratio =====
INFO - PoT: 42,0.4158415841584158, EoT: 28, 0.27722772277227725,CoT: 31,0.3069306930693069
INFO - Save results at outputs/logs/gsm_analysis_0102-093100.log
