INFO - Loaded 101 instances from outputs/gsm/cot/batch_10_cot_909_1010.jsonl
INFO - Loaded 101 instances from outputs/gsm/pot/batch_10_pot_909_1010.jsonl
INFO - Loaded 101 instances from outputs/gsm/eot/batch_10_eot_909_1010.jsonl
INFO - Loaded 101 instances from outputs/gsm/check_pot/batch_10_check_pot_909_1010.jsonl
INFO - Loaded 101 instances from outputs/gsm/check_eot/batch_10_check_eot_909_1010.jsonl
INFO - Loaded 101 instances from outputs/gsm/plan/batch_10_plan_909_1010.jsonl
INFO - Data length: 101
INFO - ===== Single performance =====
INFO - cot: 0.31683168316831684
INFO - pot: 0.6534653465346535
INFO - eot: 0.37623762376237624
INFO - ===== XoT is good at =====
INFO - cot: 3
INFO - pot: 24
INFO - eot: 4
INFO - ===== OR =====
INFO - pot or eot: 71, 0.7029702970297029
INFO - pot or cot: 70, 0.693069306930693
INFO - cot or eot: 50, 0.49504950495049505
INFO - all or: 74, 0.7326732673267327
INFO - ===== Assertion confusion matrix: pot =====
INFO - score1_check1: 44
INFO - score1_check0: 22
INFO - score0_check1: 12
INFO - score0_check0: 23
INFO - Confusion Matrix:
INFO - |   Predicted 0 |   Predicted 1 |
|--------------:|--------------:|
|            23 |            12 |
|            22 |            44 |
INFO - Accuracy: 0.6633663366336634
INFO - False Positive Rate: 0.34285714285714286
INFO - False Negative Rate: 0.3333333333333333
INFO - ===== Assertion confusion matrix: eot =====
INFO - score1_check1: 21
INFO - score1_check0: 17
INFO - score0_check1: 11
INFO - score0_check0: 52
INFO - Confusion Matrix:
INFO - |   Predicted 0 |   Predicted 1 |
|--------------:|--------------:|
|            52 |            11 |
|            17 |            21 |
INFO - Accuracy: 0.7227722772277227
INFO - False Positive Rate: 0.1746031746031746
INFO - False Negative Rate: 0.4473684210526316
INFO - Confusion Matrix:
INFO - |   Predicted 0 |   Predicted 1 |
|--------------:|--------------:|
|             8 |            27 |
|             0 |            66 |
INFO - Accuracy: 0.7326732673267327
INFO - False Positive Rate: 0.7714285714285715
INFO - False Negative Rate: 0.0
INFO - Confusion Matrix:
INFO - |   Predicted 0 |   Predicted 1 |
|--------------:|--------------:|
|            30 |            33 |
|             0 |            38 |
INFO - Accuracy: 0.6732673267326733
INFO - False Positive Rate: 0.5238095238095238
INFO - False Negative Rate: 0.0
INFO - ===== Assert pot & eot =====
INFO - 0.594059405940594
INFO - ===== Assert pot & cot =====
INFO - 0.5445544554455446
INFO - ===== Assert eot & pot =====
INFO - 0.6138613861386139
INFO - ===== Assert eot & cot =====
INFO - 0.37623762376237624
INFO - ===== Passive pot & cot =====
INFO - 0.6534653465346535
INFO - ===== Passive eot & cot =====
INFO - 0.4158415841584158
INFO - ===== Assert eot & pot & cot =====
INFO - 0.5247524752475248
INFO - ===== Assert pot & eot & cot =====
INFO - 0.5643564356435643
INFO - ===== Majority Vote =====
INFO - 0.46534653465346537
INFO - ===== Plan PoT & EoT =====
INFO - 0.44554455445544555
INFO - Unknown plan method: 0
INFO - ===== Plan PoT & CoT =====
INFO - 0.39603960396039606
INFO - Unknown plan method: 0
INFO - Count PoT: 30 (0.297029702970297), CoT: 71 (0.7029702970297029)
INFO - ===== Plan Assert PE =====
INFO - 0.6237623762376238
INFO - Unknown plan method: 0
INFO - ===== Plan Passive XoT =====
INFO - 0.594059405940594
INFO - Avg Steps: 1.316831683168317
INFO - Unknown plan method: 0
INFO - ===== XoT main results =====
INFO - 0.5445544554455446
INFO - Avg Steps: 1.9108910891089108
INFO - Unknown plan method: 0
INFO - ===== PEC ratio =====
INFO - PoT: 43,0.42574257425742573, EoT: 24, 0.2376237623762376,CoT: 34,0.33663366336633666
INFO - Save results at outputs/logs/gsm_analysis_0102-160900.log
