INFO - Loaded 1319 instances from outputs/gsm/cot/phi_cot_0_end.jsonl
INFO - Loaded 1319 instances from outputs/gsm/pot/phi_pot_0_end.jsonl
INFO - Loaded 1319 instances from outputs/gsm/eot/phi_eot_0_end.jsonl
INFO - Loaded 1319 instances from outputs/gsm/check_pot/phi_check_pot_0_end.jsonl
INFO - Loaded 1326 instances from outputs/gsm/check_eot/phi_check_eot_0_end.jsonl
INFO - Loaded 1319 instances from outputs/gsm/plan/phi_plan_0_end.jsonl
INFO - Data length: 1319
INFO - ===== Single performance =====
INFO - cot: 0.3601213040181956
INFO - pot: 0.6565579984836998
INFO - eot: 0.44806671721000757
INFO - ===== XoT is good at =====
INFO - cot: 39
INFO - pot: 224
INFO - eot: 58
INFO - ===== OR =====
INFO - pot or eot: 949, 0.7194844579226687
INFO - pot or cot: 930, 0.7050796057619408
INFO - cot or eot: 764, 0.579226686884003
INFO - all or: 988, 0.7490523123578469
INFO - ===== Assertion confusion matrix: pot =====
INFO - score1_check1: 629
INFO - score1_check0: 237
INFO - score0_check1: 158
INFO - score0_check0: 295
INFO - Confusion Matrix:
INFO - |   Predicted 0 |   Predicted 1 |
|--------------:|--------------:|
|           295 |           158 |
|           237 |           629 |
INFO - Accuracy: 0.7005307050796058
INFO - False Positive Rate: 0.3487858719646799
INFO - False Negative Rate: 0.27367205542725176
INFO - ===== Assertion confusion matrix: eot =====
INFO - score1_check1: 291
INFO - score1_check0: 300
INFO - score0_check1: 144
INFO - score0_check0: 591
INFO - Confusion Matrix:
INFO - |   Predicted 0 |   Predicted 1 |
|--------------:|--------------:|
|           591 |           144 |
|           300 |           291 |
INFO - Accuracy: 0.665158371040724
INFO - False Positive Rate: 0.19591836734693877
INFO - False Negative Rate: 0.5076142131979695
INFO - Confusion Matrix:
INFO - |   Predicted 0 |   Predicted 1 |
|--------------:|--------------:|
|           102 |           351 |
|             0 |           866 |
INFO - Accuracy: 0.7338893100833965
INFO - False Positive Rate: 0.7748344370860927
INFO - False Negative Rate: 0.0
INFO - Confusion Matrix:
INFO - |   Predicted 0 |   Predicted 1 |
|--------------:|--------------:|
|           382 |           346 |
|             0 |           591 |
INFO - Accuracy: 0.7376800606520091
INFO - False Positive Rate: 0.47527472527472525
INFO - False Negative Rate: 0.0
INFO - ===== Assert pot & eot =====
INFO - 0.6004548900682335
INFO - ===== Assert pot & cot =====
INFO - 0.5678544351781653
INFO - ===== Assert eot & pot =====
INFO - 0.6300227445034117
INFO - ===== Assert eot & cot =====
INFO - 0.4382107657316149
INFO - ===== Passive pot & cot =====
INFO - 0.6641394996209249
INFO - ===== Passive eot & cot =====
INFO - 0.5193328278999242
INFO - ===== Assert eot & pot & cot =====
INFO - 0.5579984836997726
INFO - ===== Assert pot & eot & cot =====
INFO - 0.5890826383623957
INFO - ===== Majority Vote =====
INFO - 0.5883244882486732
INFO - ===== Plan PoT & EoT =====
INFO - 0.5246398786959818
INFO - Unknown plan method: 0
INFO - ===== Plan PoT & CoT =====
INFO - 0.4541319181197877
INFO - Unknown plan method: 0
INFO - Count PoT: 385 (0.2918877937831691), CoT: 934 (0.7081122062168309)
INFO - ===== Plan Assert PE =====
INFO - 0.6224412433661866
INFO - Unknown plan method: 0
INFO - ===== Plan Passive XoT =====
INFO - 0.6322971948445792
INFO - Avg Steps: 1.2645943896891585
INFO - Unknown plan method: 0
INFO - ===== XoT main results =====
INFO - 0.5724033358605004
INFO - Avg Steps: 1.8923426838514026
INFO - Unknown plan method: 0
INFO - ===== PEC ratio =====
INFO - PoT: 568,0.4306292645943897, EoT: 337, 0.25549658832448824,CoT: 414,0.31387414708112205
INFO - Save results at outputs/logs/gsm_analysis_0108-131910.log
