INFO - Loaded 101 instances from outputs/gsm/cot/batch_1_cot_0_101.jsonl
INFO - Loaded 101 instances from outputs/gsm/pot/batch_1_pot_0_101.jsonl
INFO - Loaded 101 instances from outputs/gsm/eot/batch_1_eot_0_101.jsonl
INFO - Loaded 101 instances from outputs/gsm/check_pot/batch_1_check_pot_0_101.jsonl
INFO - Loaded 101 instances from outputs/gsm/check_eot/batch_1_check_eot_0_101.jsonl
INFO - Loaded 101 instances from outputs/gsm/metacognitive_eval_cot/batch_1_v2_metacognitive_eval_0_101.jsonl
INFO - Loaded 101 instances from outputs/gsm/plan/batch_1_plan_rating_0_101.jsonl
INFO - Data length: 101
INFO - ===== Single performance =====
INFO - cot: 0.3564356435643564
INFO - pot: 0.6336633663366337
INFO - eot: 0.4158415841584158
INFO - ===== XoT is good at =====
INFO - cot: 5
INFO - pot: 18
INFO - eot: 3
INFO - ===== OR =====
INFO - pot or eot: 70, 0.693069306930693
INFO - pot or cot: 72, 0.7128712871287128
INFO - cot or eot: 57, 0.5643564356435643
INFO - all or: 75, 0.7425742574257426
INFO - ===== Assertion confusion matrix: pot =====
INFO - score1_check1: 52
INFO - score1_check0: 12
INFO - score0_check1: 9
INFO - score0_check0: 28
INFO - Confusion Matrix:
INFO - |   Predicted 0 |   Predicted 1 |
|--------------:|--------------:|
|            28 |             9 |
|            12 |            52 |
INFO - Accuracy: 0.7920792079207921
INFO - False Positive Rate: 0.24324324324324326
INFO - False Negative Rate: 0.1875
INFO - ===== Assertion confusion matrix: eot =====
INFO - score1_check1: 18
INFO - score1_check0: 24
INFO - score0_check1: 10
INFO - score0_check0: 49
INFO - Confusion Matrix:
INFO - |   Predicted 0 |   Predicted 1 |
|--------------:|--------------:|
|            49 |            10 |
|            24 |            18 |
INFO - Accuracy: 0.6633663366336634
INFO - False Positive Rate: 0.1694915254237288
INFO - False Negative Rate: 0.5714285714285714
INFO - Confusion Matrix:
INFO - |   Predicted 0 |   Predicted 1 |
|--------------:|--------------:|
|             9 |            28 |
|             0 |            64 |
INFO - Accuracy: 0.7227722772277227
INFO - False Positive Rate: 0.7567567567567568
INFO - False Negative Rate: 0.0
INFO - Confusion Matrix:
INFO - |   Predicted 0 |   Predicted 1 |
|--------------:|--------------:|
|            30 |            29 |
|             0 |            42 |
INFO - Accuracy: 0.7128712871287128
INFO - False Positive Rate: 0.4915254237288136
INFO - False Negative Rate: 0.0
INFO - ===== Assert pot & eot =====
INFO - 0.5841584158415841
INFO - ===== Assert pot & cot =====
INFO - 0.6039603960396039
INFO - ===== Assert eot & pot =====
INFO - 0.6138613861386139
INFO - ===== Assert eot & cot =====
INFO - 0.42574257425742573
INFO - ===== Passive pot & cot =====
INFO - 0.6732673267326733
INFO - ===== Passive eot & cot =====
INFO - 0.4752475247524752
INFO - ===== Assert eot & pot & cot =====
INFO - 0.5742574257425742
INFO - ===== Assert pot & eot & cot =====
INFO - 0.6039603960396039
INFO - ===== Majority Vote =====
INFO - 0.5346534653465347
INFO - ===== XoT main results =====
INFO - 0.5544554455445545
INFO - Avg Steps: 1.7326732673267327
INFO - Unknown plan method: 0
INFO - ===== PEC ratio =====
INFO - PoT: 38,0.37623762376237624, EoT: 20, 0.19801980198019803,CoT: 43,0.42574257425742573
INFO - ===== Metacognitive evaluation results =====
INFO - TP: 29, FP: 33, FN: 7, TN: 32
INFO - Evalution Accuracy: 0.6039603960396039
INFO - Numeric result accuracy: 0.32673267326732675
INFO - Corrected instances: 4
INFO - Save results at outputs/logs/gsm_analysis_0121-205938.log
