INFO - Loaded 101 instances from outputs/gsm/cot/batch_1_cot_0_101.jsonl
INFO - Loaded 101 instances from outputs/gsm/pot/batch_1_pot_0_101.jsonl
INFO - Loaded 101 instances from outputs/gsm/eot/batch_1_eot_0_101.jsonl
INFO - Loaded 101 instances from outputs/gsm/check_pot/batch_1_check_pot_0_101.jsonl
INFO - Loaded 101 instances from outputs/gsm/check_eot/batch_1_check_eot_0_101.jsonl
INFO - Loaded 101 instances from outputs/gsm/metacognitive_eval_cot/batch_1_metacognitive_eval_0_101.jsonl
INFO - Loaded 101 instances from outputs/gsm/plan/batch_1_plan_0_101.jsonl
INFO - Data length: 101
INFO - ===== Single performance =====
INFO - cot: 0.3564356435643564
INFO - pot: 0.6336633663366337
INFO - eot: 0.4158415841584158
INFO - ===== XoT is good at =====
INFO - cot: 5
INFO - pot: 18
INFO - eot: 3
INFO - ===== OR =====
INFO - pot or eot: 70, 0.693069306930693
INFO - pot or cot: 72, 0.7128712871287128
INFO - cot or eot: 57, 0.5643564356435643
INFO - all or: 75, 0.7425742574257426
INFO - ===== Assertion confusion matrix: pot =====
INFO - score1_check1: 52
INFO - score1_check0: 12
INFO - score0_check1: 9
INFO - score0_check0: 28
INFO - Confusion Matrix:
INFO - |   Predicted 0 |   Predicted 1 |
|--------------:|--------------:|
|            28 |             9 |
|            12 |            52 |
INFO - Accuracy: 0.7920792079207921
INFO - False Positive Rate: 0.24324324324324326
INFO - False Negative Rate: 0.1875
INFO - ===== Assertion confusion matrix: eot =====
INFO - score1_check1: 18
INFO - score1_check0: 24
INFO - score0_check1: 10
INFO - score0_check0: 49
INFO - Confusion Matrix:
INFO - |   Predicted 0 |   Predicted 1 |
|--------------:|--------------:|
|            49 |            10 |
|            24 |            18 |
INFO - Accuracy: 0.6633663366336634
INFO - False Positive Rate: 0.1694915254237288
INFO - False Negative Rate: 0.5714285714285714
INFO - Confusion Matrix:
INFO - |   Predicted 0 |   Predicted 1 |
|--------------:|--------------:|
|             9 |            28 |
|             0 |            64 |
INFO - Accuracy: 0.7227722772277227
INFO - False Positive Rate: 0.7567567567567568
INFO - False Negative Rate: 0.0
INFO - Confusion Matrix:
INFO - |   Predicted 0 |   Predicted 1 |
|--------------:|--------------:|
|            30 |            29 |
|             0 |            42 |
INFO - Accuracy: 0.7128712871287128
INFO - False Positive Rate: 0.4915254237288136
INFO - False Negative Rate: 0.0
INFO - ===== Assert pot & eot =====
INFO - 0.5841584158415841
INFO - ===== Assert pot & cot =====
INFO - 0.6039603960396039
INFO - ===== Assert eot & pot =====
INFO - 0.6138613861386139
INFO - ===== Assert eot & cot =====
INFO - 0.42574257425742573
INFO - ===== Passive pot & cot =====
INFO - 0.6732673267326733
INFO - ===== Passive eot & cot =====
INFO - 0.4752475247524752
INFO - ===== Assert eot & pot & cot =====
INFO - 0.5742574257425742
INFO - ===== Assert pot & eot & cot =====
INFO - 0.6039603960396039
INFO - ===== Majority Vote =====
INFO - 0.5346534653465347
INFO - ===== Plan PoT & EoT =====
INFO - 0.5247524752475248
INFO - Unknown plan method: 0
INFO - ===== Plan PoT & CoT =====
INFO - 0.46534653465346537
INFO - Unknown plan method: 0
INFO - Count PoT: 29 (0.2871287128712871), CoT: 72 (0.7128712871287128)
INFO - ===== Plan Assert PE =====
INFO - 0.6138613861386139
INFO - Unknown plan method: 0
INFO - ===== Plan Passive XoT =====
INFO - 0.6435643564356436
INFO - Avg Steps: 1.2277227722772277
INFO - Unknown plan method: 0
INFO - ===== XoT main results =====
INFO - 0.6039603960396039
INFO - Avg Steps: 1.9405940594059405
INFO - Unknown plan method: 0
INFO - ===== PEC ratio =====
INFO - PoT: 44,0.43564356435643564, EoT: 22, 0.21782178217821782,CoT: 35,0.3465346534653465
INFO - ===== Metacognitive evaluation results =====
INFO - TP: 36, FP: 50, FN: 0, TN: 15
INFO - Evalution Accuracy: 0.504950495049505
INFO - Numeric result accuracy: 0.38613861386138615
INFO - Corrected instances: 3
INFO - Save results at outputs/logs/gsm_analysis_0114-215117.log
