INFO - Loaded 101 instances from outputs/gsm/cot/batch_6_cot_505_606.jsonl
INFO - Loaded 101 instances from outputs/gsm/pot/batch_6_pot_505_606.jsonl
INFO - Loaded 101 instances from outputs/gsm/eot/batch_6_eot_505_606.jsonl
INFO - Loaded 101 instances from outputs/gsm/check_pot/batch_6_check_pot_505_606.jsonl
INFO - Loaded 101 instances from outputs/gsm/check_eot/batch_6_check_eot_505_606.jsonl
INFO - Loaded 101 instances from outputs/gsm/plan/batch_6_plan_505_606.jsonl
INFO - Data length: 101
INFO - ===== Single performance =====
INFO - cot: 0.36633663366336633
INFO - pot: 0.5841584158415841
INFO - eot: 0.4158415841584158
INFO - ===== XoT is good at =====
INFO - cot: 6
INFO - pot: 14
INFO - eot: 5
INFO - ===== OR =====
INFO - pot or eot: 67, 0.6633663366336634
INFO - pot or cot: 68, 0.6732673267326733
INFO - cot or eot: 59, 0.5841584158415841
INFO - all or: 73, 0.7227722772277227
INFO - ===== Assertion confusion matrix: pot =====
INFO - score1_check1: 43
INFO - score1_check0: 16
INFO - score0_check1: 21
INFO - score0_check0: 21
INFO - Confusion Matrix:
INFO - |   Predicted 0 |   Predicted 1 |
|--------------:|--------------:|
|            21 |            21 |
|            16 |            43 |
INFO - Accuracy: 0.6336633663366337
INFO - False Positive Rate: 0.5
INFO - False Negative Rate: 0.2711864406779661
INFO - ===== Assertion confusion matrix: eot =====
INFO - score1_check1: 20
INFO - score1_check0: 22
INFO - score0_check1: 12
INFO - score0_check0: 47
INFO - Confusion Matrix:
INFO - |   Predicted 0 |   Predicted 1 |
|--------------:|--------------:|
|            47 |            12 |
|            22 |            20 |
INFO - Accuracy: 0.6633663366336634
INFO - False Positive Rate: 0.2033898305084746
INFO - False Negative Rate: 0.5238095238095238
INFO - Confusion Matrix:
INFO - |   Predicted 0 |   Predicted 1 |
|--------------:|--------------:|
|             7 |            35 |
|             0 |            59 |
INFO - Accuracy: 0.6534653465346535
INFO - False Positive Rate: 0.8333333333333334
INFO - False Negative Rate: 0.0
INFO - Confusion Matrix:
INFO - |   Predicted 0 |   Predicted 1 |
|--------------:|--------------:|
|            22 |            37 |
|             0 |            42 |
INFO - Accuracy: 0.6336633663366337
INFO - False Positive Rate: 0.6271186440677966
INFO - False Negative Rate: 0.0
INFO - ===== Assert pot & eot =====
INFO - 0.5247524752475248
INFO - ===== Assert pot & cot =====
INFO - 0.5148514851485149
INFO - ===== Assert eot & pot =====
INFO - 0.5643564356435643
INFO - ===== Assert eot & cot =====
INFO - 0.4158415841584158
INFO - ===== Passive pot & cot =====
INFO - 0.5841584158415841
INFO - ===== Passive eot & cot =====
INFO - 0.4752475247524752
INFO - ===== Assert eot & pot & cot =====
INFO - 0.5247524752475248
INFO - ===== Assert pot & eot & cot =====
INFO - 0.5346534653465347
INFO - ===== Majority Vote =====
INFO - 0.5445544554455446
INFO - ===== Plan PoT & EoT =====
INFO - 0.4752475247524752
INFO - Unknown plan method: 0
INFO - ===== Plan PoT & CoT =====
INFO - 0.43564356435643564
INFO - Unknown plan method: 0
INFO - Count PoT: 31 (0.3069306930693069), CoT: 70 (0.693069306930693)
INFO - ===== Plan Assert PE =====
INFO - 0.5742574257425742
INFO - Unknown plan method: 0
INFO - ===== Plan Passive XoT =====
INFO - 0.5643564356435643
INFO - Avg Steps: 1.188118811881188
INFO - Unknown plan method: 0
INFO - ===== XoT main results =====
INFO - 0.5346534653465347
INFO - Avg Steps: 1.8514851485148516
INFO - Unknown plan method: 0
INFO - ===== PEC ratio =====
INFO - PoT: 50,0.49504950495049505, EoT: 25, 0.24752475247524752,CoT: 26,0.25742574257425743
INFO - Save results at outputs/logs/gsm_analysis_0101-165303.log
