Loaded 1319 instances from outputs/gsm/tot/phi_tot_0_end.jsonl
Loaded 1319 instances from outputs/gsm/pot/phi_pot_0_end.jsonl
Loaded 1319 instances from outputs/gsm/eot/phi_eot_0_end.jsonl
Loaded 1319 instances from outputs/gsm/check_pot/phi_check_pot_0_end.jsonl
Loaded 1319 instances from outputs/gsm/check_eot/phi_check_eot_0_end.jsonl
Loaded 1319 instances from outputs/gsm/plan/phi_plan_0_end.jsonl
Data length: 1319
===== Single performance =====
tot: 0.3646702047005307
pot: 0.6565579984836998
eot: 0.44806671721000757
===== XoT is good at =====
tot: 41
pot: 217
eot: 60
===== OR =====
pot or eot: 949, 0.7194844579226687
pot or tot: 930, 0.7050796057619408
tot or eot: 773, 0.5860500379075056
all or: 990, 0.7505686125852918
===== Assertion confusion matrix: pot =====
score1_check1: 629
score1_check0: 237
score0_check1: 158
score0_check0: 295
Confusion Matrix:
|   Predicted 0 |   Predicted 1 |
|--------------:|--------------:|
|           295 |           158 |
|           237 |           629 |
Accuracy: 0.7005307050796058
False Positive Rate: 0.3487858719646799
False Negative Rate: 0.27367205542725176
===== Assertion confusion matrix: eot =====
score1_check1: 291
score1_check0: 300
score0_check1: 143
score0_check0: 585
Confusion Matrix:
|   Predicted 0 |   Predicted 1 |
|--------------:|--------------:|
|           585 |           143 |
|           300 |           291 |
Accuracy: 0.6641394996209249
False Positive Rate: 0.19642857142857142
False Negative Rate: 0.5076142131979695
===== Passive confusion matrix: pot =====
Confusion Matrix:
|   Predicted 0 |   Predicted 1 |
|--------------:|--------------:|
|           102 |           351 |
|             0 |           866 |
Accuracy: 0.7338893100833965
False Positive Rate: 0.7748344370860927
False Negative Rate: 0.0
===== Passive confusion matrix: eot =====
Confusion Matrix:
|   Predicted 0 |   Predicted 1 |
|--------------:|--------------:|
|           382 |           346 |
|             0 |           591 |
Accuracy: 0.7376800606520091
False Positive Rate: 0.47527472527472525
False Negative Rate: 0.0
===== Assert pot & eot =====
0.6004548900682335
===== Assert pot & tot =====
0.5701288855193328
===== Assert eot & pot =====
0.6345716451857468
===== Assert eot & tot =====
0.43896891584533737
===== Passive pot & tot =====
0.66565579984837
===== Passive eot & tot =====
0.5246398786959818
===== Assert eot & pot & tot =====
0.5602729340409401
===== Assert pot & eot & tot =====
0.5883244882486732
===== Majority Vote =====
0.576194086429113
===== Plan PoT & EoT =====
0.5246398786959818
Unknown plan method: 0
===== Plan PoT & ToT =====
0.4624715693707354
Unknown plan method: 0
Count PoT: 385 (0.2918877937831691), ToT: 934 (0.7081122062168309)
===== Plan Assert PE =====
0.6254738438210766
Unknown plan method: 0
===== Plan Passive XoT =====
0.6307808946171342
Avg Steps: 1.2645943896891585
Unknown plan method: 0
===== XoT main results =====
0.5739196360879454
Avg Steps: 1.8953752843062925
Unknown plan method: 0
===== PEC ratio =====
PoT: 560,0.4245640636846095, EoT: 338, 0.2562547384382108,ToT: 421,0.3191811978771797
Save results at outputs/logs/gsm_analysis_0226-113757.log