INFO - Loaded 20 instances from outputs/gsm/cot/demo_cot_0_subset.jsonl
INFO - Loaded 20 instances from outputs/gsm/pot/demo_pot_0_subset.jsonl
INFO - Loaded 20 instances from outputs/gsm/eot/demo_eot_0_subset.jsonl
INFO - Loaded 20 instances from outputs/gsm/check_pot/demo_check_pot_0_subset.jsonl
INFO - Loaded 20 instances from outputs/gsm/check_eot/demo_check_eot_0_subset.jsonl
INFO - Loaded 20 instances from outputs/gsm/plan/demo_plan_0_subset.jsonl
INFO - Data length: 20
INFO - ===== Single performance =====
INFO - cot: 0.7
INFO - pot: 0.65
INFO - eot: 0.45
INFO - ===== XoT is good at =====
INFO - cot: 2
INFO - pot: 2
INFO - eot: 1
INFO - ===== OR =====
INFO - pot or eot: 15, 0.75
INFO - pot or cot: 16, 0.8
INFO - cot or eot: 15, 0.75
INFO - all or: 17, 0.85
INFO - ===== Assertion confusion matrix: pot =====
INFO - score1_check1: 12
INFO - score1_check0: 1
INFO - score0_check1: 4
INFO - score0_check0: 3
INFO - Confusion Matrix:
INFO - |   Predicted 0 |   Predicted 1 |
|--------------:|--------------:|
|             3 |             4 |
|             1 |            12 |
INFO - Accuracy: 0.75
INFO - False Positive Rate: 0.5714285714285714
INFO - False Negative Rate: 0.07692307692307693
INFO - ===== Assertion confusion matrix: eot =====
INFO - score1_check1: 7
INFO - score1_check0: 2
INFO - score0_check1: 4
INFO - score0_check0: 7
INFO - Confusion Matrix:
INFO - |   Predicted 0 |   Predicted 1 |
|--------------:|--------------:|
|             7 |             4 |
|             2 |             7 |
INFO - Accuracy: 0.7
INFO - False Positive Rate: 0.36363636363636365
INFO - False Negative Rate: 0.2222222222222222
INFO - Confusion Matrix:
INFO - |   Predicted 0 |   Predicted 1 |
|--------------:|--------------:|
|             0 |             7 |
|             0 |            13 |
INFO - Accuracy: 0.65
INFO - False Positive Rate: 1.0
INFO - False Negative Rate: 0.0
INFO - Confusion Matrix:
INFO - |   Predicted 0 |   Predicted 1 |
|--------------:|--------------:|
|             5 |             6 |
|             0 |             9 |
INFO - Accuracy: 0.7
INFO - False Positive Rate: 0.5454545454545454
INFO - False Negative Rate: 0.0
INFO - ===== Assert pot & eot =====
INFO - 0.6
INFO - ===== Assert pot & cot =====
INFO - 0.75
INFO - ===== Assert eot & pot =====
INFO - 0.6
INFO - ===== Assert eot & cot =====
INFO - 0.55
INFO - ===== Passive pot & cot =====
INFO - 0.65
INFO - ===== Passive eot & cot =====
INFO - 0.55
INFO - ===== Assert eot & pot & cot =====
INFO - 0.6
INFO - ===== Assert pot & eot & cot =====
INFO - 0.6
INFO - ===== Majority Vote =====
INFO - 0.7
INFO - ===== Plan PoT & EoT =====
INFO - 0.65
INFO - Unknown plan method: 0
INFO - ===== Plan PoT & CoT =====
INFO - 0.75
INFO - Unknown plan method: 0
INFO - Count PoT: 9 (0.45), CoT: 11 (0.55)
INFO - ===== Plan Assert PE =====
INFO - 0.65
INFO - Unknown plan method: 0
INFO - ===== Plan Passive XoT =====
INFO - 0.75
INFO - Avg Steps: 1.15
INFO - Unknown plan method: 0
INFO - ===== XoT main results =====
INFO - 0.65
INFO - Avg Steps: 1.4
INFO - Unknown plan method: 0
INFO - ===== PEC ratio =====
INFO - PoT: 13,0.65, EoT: 6, 0.3,CoT: 1,0.05
INFO - Save results at outputs/logs/gsm_analysis_1228-212356.log
