INFO - Loaded 101 instances from outputs/gsm/cot/batch_9_cot_808_909.jsonl
INFO - Loaded 101 instances from outputs/gsm/pot/batch_9_pot_808_909.jsonl
INFO - Loaded 101 instances from outputs/gsm/eot/batch_9_eot_808_909.jsonl
INFO - Loaded 101 instances from outputs/gsm/check_pot/batch_9_check_pot_808_909.jsonl
INFO - Loaded 101 instances from outputs/gsm/check_eot/batch_9_check_eot_808_909.jsonl
INFO - Loaded 101 instances from outputs/gsm/plan/batch_9_plan_808_909.jsonl
INFO - Data length: 101
INFO - ===== Single performance =====
INFO - cot: 0.42574257425742573
INFO - pot: 0.693069306930693
INFO - eot: 0.38613861386138615
INFO - ===== XoT is good at =====
INFO - cot: 6
INFO - pot: 21
INFO - eot: 3
INFO - ===== OR =====
INFO - pot or eot: 74, 0.7326732673267327
INFO - pot or cot: 77, 0.7623762376237624
INFO - cot or eot: 59, 0.5841584158415841
INFO - all or: 80, 0.7920792079207921
INFO - ===== Assertion confusion matrix: pot =====
INFO - score1_check1: 43
INFO - score1_check0: 27
INFO - score0_check1: 11
INFO - score0_check0: 20
INFO - Confusion Matrix:
INFO - |   Predicted 0 |   Predicted 1 |
|--------------:|--------------:|
|            20 |            11 |
|            27 |            43 |
INFO - Accuracy: 0.6237623762376238
INFO - False Positive Rate: 0.3548387096774194
INFO - False Negative Rate: 0.38571428571428573
INFO - ===== Assertion confusion matrix: eot =====
INFO - score1_check1: 18
INFO - score1_check0: 21
INFO - score0_check1: 15
INFO - score0_check0: 47
INFO - Confusion Matrix:
INFO - |   Predicted 0 |   Predicted 1 |
|--------------:|--------------:|
|            47 |            15 |
|            21 |            18 |
INFO - Accuracy: 0.6435643564356436
INFO - False Positive Rate: 0.24193548387096775
INFO - False Negative Rate: 0.5384615384615384
INFO - Confusion Matrix:
INFO - |   Predicted 0 |   Predicted 1 |
|--------------:|--------------:|
|             7 |            24 |
|             0 |            70 |
INFO - Accuracy: 0.7623762376237624
INFO - False Positive Rate: 0.7741935483870968
INFO - False Negative Rate: 0.0
INFO - Confusion Matrix:
INFO - |   Predicted 0 |   Predicted 1 |
|--------------:|--------------:|
|            23 |            39 |
|             0 |            39 |
INFO - Accuracy: 0.6138613861386139
INFO - False Positive Rate: 0.6290322580645161
INFO - False Negative Rate: 0.0
INFO - ===== Assert pot & eot =====
INFO - 0.5346534653465347
INFO - ===== Assert pot & cot =====
INFO - 0.5643564356435643
INFO - ===== Assert eot & pot =====
INFO - 0.6534653465346535
INFO - ===== Assert eot & cot =====
INFO - 0.45544554455445546
INFO - ===== Passive pot & cot =====
INFO - 0.7128712871287128
INFO - ===== Passive eot & cot =====
INFO - 0.46534653465346537
INFO - ===== Assert eot & pot & cot =====
INFO - 0.5247524752475248
INFO - ===== Assert pot & eot & cot =====
INFO - 0.5544554455445545
INFO - ===== Majority Vote =====
INFO - 0.6138613861386139
INFO - ===== Plan PoT & EoT =====
INFO - 0.48514851485148514
INFO - Unknown plan method: 0
INFO - ===== Plan PoT & CoT =====
INFO - 0.5148514851485149
INFO - Unknown plan method: 0
INFO - Count PoT: 32 (0.31683168316831684), CoT: 69 (0.6831683168316832)
INFO - ===== Plan Assert PE =====
INFO - 0.6039603960396039
INFO - Unknown plan method: 0
INFO - ===== Plan Passive XoT =====
INFO - 0.5643564356435643
INFO - Avg Steps: 1.2079207920792079
INFO - Unknown plan method: 0
INFO - ===== XoT main results =====
INFO - 0.5445544554455446
INFO - Avg Steps: 1.9405940594059405
INFO - Unknown plan method: 0
INFO - ===== PEC ratio =====
INFO - PoT: 42,0.4158415841584158, EoT: 24, 0.2376237623762376,CoT: 35,0.3465346534653465
INFO - Save results at outputs/logs/gsm_analysis_0102-124243.log
