INFO - Loaded 107 instances from outputs/gsm/cot/batch_13_cot_1212_1319.jsonl
INFO - Loaded 107 instances from outputs/gsm/pot/batch_13_pot_1212_1319.jsonl
INFO - Loaded 107 instances from outputs/gsm/eot/batch_13_eot_1212_1319.jsonl
INFO - Loaded 107 instances from outputs/gsm/check_pot/batch_13_check_pot_1212_1319.jsonl
INFO - Loaded 107 instances from outputs/gsm/check_eot/batch_13_check_eot_1212_1319.jsonl
INFO - Loaded 107 instances from outputs/gsm/plan/batch_13_plan_1212_1319.jsonl
INFO - Data length: 107
INFO - ===== Single performance =====
INFO - cot: 0.29906542056074764
INFO - pot: 0.7102803738317757
INFO - eot: 0.411214953271028
INFO - ===== XoT is good at =====
INFO - cot: 1
INFO - pot: 23
INFO - eot: 2
INFO - ===== OR =====
INFO - pot or eot: 80, 0.7476635514018691
INFO - pot or cot: 79, 0.7383177570093458
INFO - cot or eot: 58, 0.5420560747663551
INFO - all or: 81, 0.7570093457943925
INFO - ===== Assertion confusion matrix: pot =====
INFO - score1_check1: 55
INFO - score1_check0: 21
INFO - score0_check1: 17
INFO - score0_check0: 14
INFO - Confusion Matrix:
INFO - |   Predicted 0 |   Predicted 1 |
|--------------:|--------------:|
|            14 |            17 |
|            21 |            55 |
INFO - Accuracy: 0.6448598130841121
INFO - False Positive Rate: 0.5483870967741935
INFO - False Negative Rate: 0.27631578947368424
INFO - ===== Assertion confusion matrix: eot =====
INFO - score1_check1: 20
INFO - score1_check0: 24
INFO - score0_check1: 11
INFO - score0_check0: 52
INFO - Confusion Matrix:
INFO - |   Predicted 0 |   Predicted 1 |
|--------------:|--------------:|
|            52 |            11 |
|            24 |            20 |
INFO - Accuracy: 0.6728971962616822
INFO - False Positive Rate: 0.1746031746031746
INFO - False Negative Rate: 0.5454545454545454
INFO - Confusion Matrix:
INFO - |   Predicted 0 |   Predicted 1 |
|--------------:|--------------:|
|             7 |            24 |
|             0 |            76 |
INFO - Accuracy: 0.7757009345794392
INFO - False Positive Rate: 0.7741935483870968
INFO - False Negative Rate: 0.0
INFO - Confusion Matrix:
INFO - |   Predicted 0 |   Predicted 1 |
|--------------:|--------------:|
|            32 |            31 |
|             0 |            44 |
INFO - Accuracy: 0.7102803738317757
INFO - False Positive Rate: 0.49206349206349204
INFO - False Negative Rate: 0.0
INFO - ===== Assert pot & eot =====
INFO - 0.616822429906542
INFO - ===== Assert pot & cot =====
INFO - 0.5514018691588785
INFO - ===== Assert eot & pot =====
INFO - 0.6822429906542056
INFO - ===== Assert eot & cot =====
INFO - 0.3644859813084112
INFO - ===== Passive pot & cot =====
INFO - 0.719626168224299
INFO - ===== Passive eot & cot =====
INFO - 0.4672897196261682
INFO - ===== Assert eot & pot & cot =====
INFO - 0.5514018691588785
INFO - ===== Assert pot & eot & cot =====
INFO - 0.5887850467289719
INFO - ===== Majority Vote =====
INFO - 0.5887850467289719
INFO - ===== Plan PoT & EoT =====
INFO - 0.514018691588785
INFO - Unknown plan method: 0
INFO - ===== Plan PoT & CoT =====
INFO - 0.45794392523364486
INFO - Unknown plan method: 0
INFO - Count PoT: 33 (0.308411214953271), CoT: 74 (0.6915887850467289)
INFO - ===== Plan Assert PE =====
INFO - 0.6635514018691588
INFO - Unknown plan method: 0
INFO - ===== Plan Passive XoT =====
INFO - 0.6448598130841121
INFO - Avg Steps: 1.2616822429906542
INFO - Unknown plan method: 0
INFO - ===== XoT main results =====
INFO - 0.5607476635514018
INFO - Avg Steps: 1.8598130841121496
INFO - Unknown plan method: 0
INFO - ===== PEC ratio =====
INFO - PoT: 54,0.5046728971962616, EoT: 23, 0.21495327102803738,CoT: 30,0.2803738317757009
INFO - Save results at outputs/logs/gsm_analysis_0105-131529.log
