INFO - Loaded 101 instances from outputs/gsm/cot/batch_3_cot_202_303.jsonl
INFO - Loaded 101 instances from outputs/gsm/pot/batch_3_pot_202_303.jsonl
INFO - Loaded 101 instances from outputs/gsm/eot/batch_3_eot_202_303.jsonl
INFO - Loaded 101 instances from outputs/gsm/check_pot/batch_3_check_pot_202_303.jsonl
INFO - Loaded 101 instances from outputs/gsm/check_eot/batch_3_check_eot_202_303.jsonl
INFO - Loaded 101 instances from outputs/gsm/plan/batch_3_plan_202_303.jsonl
INFO - Data length: 101
INFO - ===== Single performance =====
INFO - cot: 0.39603960396039606
INFO - pot: 0.7128712871287128
INFO - eot: 0.5247524752475248
INFO - ===== XoT is good at =====
INFO - cot: 1
INFO - pot: 13
INFO - eot: 4
INFO - ===== OR =====
INFO - pot or eot: 78, 0.7722772277227723
INFO - pot or cot: 75, 0.7425742574257426
INFO - cot or eot: 66, 0.6534653465346535
INFO - all or: 79, 0.7821782178217822
INFO - ===== Assertion confusion matrix: pot =====
INFO - score1_check1: 52
INFO - score1_check0: 20
INFO - score0_check1: 8
INFO - score0_check0: 21
INFO - Confusion Matrix:
INFO - |   Predicted 0 |   Predicted 1 |
|--------------:|--------------:|
|            21 |             8 |
|            20 |            52 |
INFO - Accuracy: 0.7227722772277227
INFO - False Positive Rate: 0.27586206896551724
INFO - False Negative Rate: 0.2777777777777778
INFO - ===== Assertion confusion matrix: eot =====
INFO - score1_check1: 22
INFO - score1_check0: 31
INFO - score0_check1: 12
INFO - score0_check0: 36
INFO - Confusion Matrix:
INFO - |   Predicted 0 |   Predicted 1 |
|--------------:|--------------:|
|            36 |            12 |
|            31 |            22 |
INFO - Accuracy: 0.5742574257425742
INFO - False Positive Rate: 0.25
INFO - False Negative Rate: 0.5849056603773585
INFO - Confusion Matrix:
INFO - |   Predicted 0 |   Predicted 1 |
|--------------:|--------------:|
|             6 |            23 |
|             0 |            72 |
INFO - Accuracy: 0.7722772277227723
INFO - False Positive Rate: 0.7931034482758621
INFO - False Negative Rate: 0.0
INFO - Confusion Matrix:
INFO - |   Predicted 0 |   Predicted 1 |
|--------------:|--------------:|
|            30 |            18 |
|             0 |            53 |
INFO - Accuracy: 0.8217821782178217
INFO - False Positive Rate: 0.375
INFO - False Negative Rate: 0.0
INFO - ===== Assert pot & eot =====
INFO - 0.6732673267326733
INFO - ===== Assert pot & cot =====
INFO - 0.6138613861386139
INFO - ===== Assert eot & pot =====
INFO - 0.6732673267326733
INFO - ===== Assert eot & cot =====
INFO - 0.48514851485148514
INFO - ===== Passive pot & cot =====
INFO - 0.7128712871287128
INFO - ===== Passive eot & cot =====
INFO - 0.6336633663366337
INFO - ===== Assert eot & pot & cot =====
INFO - 0.6138613861386139
INFO - ===== Assert pot & eot & cot =====
INFO - 0.6336633663366337
INFO - ===== Majority Vote =====
INFO - 0.6435643564356436
INFO - ===== Plan PoT & EoT =====
INFO - 0.594059405940594
INFO - Unknown plan method: 0
INFO - ===== Plan PoT & CoT =====
INFO - 0.5346534653465347
INFO - Unknown plan method: 0
INFO - Count PoT: 34 (0.33663366336633666), CoT: 67 (0.6633663366336634)
INFO - ===== Plan Assert PE =====
INFO - 0.6534653465346535
INFO - Unknown plan method: 0
INFO - ===== Plan Passive XoT =====
INFO - 0.7128712871287128
INFO - Avg Steps: 1.2376237623762376
INFO - Unknown plan method: 0
INFO - ===== XoT main results =====
INFO - 0.6138613861386139
INFO - Avg Steps: 1.811881188118812
INFO - Unknown plan method: 0
INFO - ===== PEC ratio =====
INFO - PoT: 42,0.4158415841584158, EoT: 30, 0.297029702970297,CoT: 29,0.2871287128712871
INFO - Save results at outputs/logs/gsm_analysis_1231-134131.log
