INFO - Loaded 101 instances from outputs/gsm/cot/batch_11_cot_1010_1111.jsonl
INFO - Loaded 101 instances from outputs/gsm/pot/batch_11_pot_1010_1111.jsonl
INFO - Loaded 101 instances from outputs/gsm/eot/batch_11_eot_1010_1111.jsonl
INFO - Loaded 101 instances from outputs/gsm/check_pot/batch_11_check_pot_1010_1111.jsonl
INFO - Loaded 101 instances from outputs/gsm/check_eot/batch_11_check_eot_1010_1111.jsonl
INFO - Loaded 101 instances from outputs/gsm/plan/batch_11_plan_1010_1111.jsonl
INFO - Data length: 101
INFO - ===== Single performance =====
INFO - cot: 0.3564356435643564
INFO - pot: 0.5247524752475248
INFO - eot: 0.40594059405940597
INFO - ===== XoT is good at =====
INFO - cot: 6
INFO - pot: 12
INFO - eot: 7
INFO - ===== OR =====
INFO - pot or eot: 61, 0.6039603960396039
INFO - pot or cot: 60, 0.594059405940594
INFO - cot or eot: 55, 0.5445544554455446
INFO - all or: 67, 0.6633663366336634
INFO - ===== Assertion confusion matrix: pot =====
INFO - score1_check1: 44
INFO - score1_check0: 9
INFO - score0_check1: 16
INFO - score0_check0: 32
INFO - Confusion Matrix:
INFO - |   Predicted 0 |   Predicted 1 |
|--------------:|--------------:|
|            32 |            16 |
|             9 |            44 |
INFO - Accuracy: 0.7524752475247525
INFO - False Positive Rate: 0.3333333333333333
INFO - False Negative Rate: 0.16981132075471697
INFO - ===== Assertion confusion matrix: eot =====
INFO - score1_check1: 27
INFO - score1_check0: 14
INFO - score0_check1: 11
INFO - score0_check0: 49
INFO - Confusion Matrix:
INFO - |   Predicted 0 |   Predicted 1 |
|--------------:|--------------:|
|            49 |            11 |
|            14 |            27 |
INFO - Accuracy: 0.7524752475247525
INFO - False Positive Rate: 0.18333333333333332
INFO - False Negative Rate: 0.34146341463414637
INFO - Confusion Matrix:
INFO - |   Predicted 0 |   Predicted 1 |
|--------------:|--------------:|
|            12 |            36 |
|             0 |            53 |
INFO - Accuracy: 0.6435643564356436
INFO - False Positive Rate: 0.75
INFO - False Negative Rate: 0.0
INFO - Confusion Matrix:
INFO - |   Predicted 0 |   Predicted 1 |
|--------------:|--------------:|
|            33 |            27 |
|             0 |            41 |
INFO - Accuracy: 0.7326732673267327
INFO - False Positive Rate: 0.45
INFO - False Negative Rate: 0.0
INFO - ===== Assert pot & eot =====
INFO - 0.5247524752475248
INFO - ===== Assert pot & cot =====
INFO - 0.5148514851485149
INFO - ===== Assert eot & pot =====
INFO - 0.5346534653465347
INFO - ===== Assert eot & cot =====
INFO - 0.48514851485148514
INFO - ===== Passive pot & cot =====
INFO - 0.5346534653465347
INFO - ===== Passive eot & cot =====
INFO - 0.48514851485148514
INFO - ===== Assert eot & pot & cot =====
INFO - 0.5247524752475248
INFO - ===== Assert pot & eot & cot =====
INFO - 0.5445544554455446
INFO - ===== Majority Vote =====
INFO - 0.5247524752475248
INFO - ===== Plan PoT & EoT =====
INFO - 0.44554455445544555
INFO - Unknown plan method: 0
INFO - ===== Plan PoT & CoT =====
INFO - 0.4158415841584158
INFO - Unknown plan method: 0
INFO - Count PoT: 31 (0.3069306930693069), CoT: 70 (0.693069306930693)
INFO - ===== Plan Assert PE =====
INFO - 0.5445544554455446
INFO - Unknown plan method: 0
INFO - ===== Plan Passive XoT =====
INFO - 0.5643564356435643
INFO - Avg Steps: 1.316831683168317
INFO - Unknown plan method: 0
INFO - ===== XoT main results =====
INFO - 0.5346534653465347
INFO - Avg Steps: 1.891089108910891
INFO - Unknown plan method: 0
INFO - ===== PEC ratio =====
INFO - PoT: 41,0.40594059405940597, EoT: 26, 0.25742574257425743,CoT: 34,0.33663366336633666
INFO - Save results at outputs/logs/gsm_analysis_0103-045141.log
