INFO - Loaded 101 instances from outputs/gsm/cot/batch_12_cot_1111_1212.jsonl
INFO - Loaded 101 instances from outputs/gsm/pot/batch_12_pot_1111_1212.jsonl
INFO - Loaded 101 instances from outputs/gsm/eot/batch_12_eot_1111_1212.jsonl
INFO - Loaded 101 instances from outputs/gsm/check_pot/batch_12_check_pot_1111_1212.jsonl
INFO - Loaded 101 instances from outputs/gsm/check_eot/batch_12_check_eot_1111_1212.jsonl
INFO - Loaded 101 instances from outputs/gsm/plan/batch_12_plan_1111_1212.jsonl
INFO - Data length: 101
INFO - ===== Single performance =====
INFO - cot: 0.38613861386138615
INFO - pot: 0.7029702970297029
INFO - eot: 0.46534653465346537
INFO - ===== XoT is good at =====
INFO - cot: 0
INFO - pot: 20
INFO - eot: 5
INFO - ===== OR =====
INFO - pot or eot: 79, 0.7821782178217822
INFO - pot or cot: 74, 0.7326732673267327
INFO - cot or eot: 59, 0.5841584158415841
INFO - all or: 79, 0.7821782178217822
INFO - ===== Assertion confusion matrix: pot =====
INFO - score1_check1: 56
INFO - score1_check0: 15
INFO - score0_check1: 8
INFO - score0_check0: 22
INFO - Confusion Matrix:
INFO - |   Predicted 0 |   Predicted 1 |
|--------------:|--------------:|
|            22 |             8 |
|            15 |            56 |
INFO - Accuracy: 0.7722772277227723
INFO - False Positive Rate: 0.26666666666666666
INFO - False Negative Rate: 0.2112676056338028
INFO - ===== Assertion confusion matrix: eot =====
INFO - score1_check1: 22
INFO - score1_check0: 25
INFO - score0_check1: 12
INFO - score0_check0: 42
INFO - Confusion Matrix:
INFO - |   Predicted 0 |   Predicted 1 |
|--------------:|--------------:|
|            42 |            12 |
|            25 |            22 |
INFO - Accuracy: 0.6336633663366337
INFO - False Positive Rate: 0.2222222222222222
INFO - False Negative Rate: 0.5319148936170213
INFO - Confusion Matrix:
INFO - |   Predicted 0 |   Predicted 1 |
|--------------:|--------------:|
|             8 |            22 |
|             0 |            71 |
INFO - Accuracy: 0.7821782178217822
INFO - False Positive Rate: 0.7333333333333333
INFO - False Negative Rate: 0.0
INFO - Confusion Matrix:
INFO - |   Predicted 0 |   Predicted 1 |
|--------------:|--------------:|
|            32 |            22 |
|             0 |            47 |
INFO - Accuracy: 0.7821782178217822
INFO - False Positive Rate: 0.4074074074074074
INFO - False Negative Rate: 0.0
INFO - ===== Assert pot & eot =====
INFO - 0.6237623762376238
INFO - ===== Assert pot & cot =====
INFO - 0.6237623762376238
INFO - ===== Assert eot & pot =====
INFO - 0.6831683168316832
INFO - ===== Assert eot & cot =====
INFO - 0.44554455445544555
INFO - ===== Passive pot & cot =====
INFO - 0.7029702970297029
INFO - ===== Passive eot & cot =====
INFO - 0.5148514851485149
INFO - ===== Assert eot & pot & cot =====
INFO - 0.594059405940594
INFO - ===== Assert pot & eot & cot =====
INFO - 0.6336633663366337
INFO - ===== Majority Vote =====
INFO - 0.5742574257425742
INFO - ===== Plan PoT & EoT =====
INFO - 0.5445544554455446
INFO - Unknown plan method: 0
INFO - ===== Plan PoT & CoT =====
INFO - 0.44554455445544555
INFO - Unknown plan method: 0
INFO - Count PoT: 22 (0.21782178217821782), CoT: 79 (0.7821782178217822)
INFO - ===== Plan Assert PE =====
INFO - 0.6831683168316832
INFO - Unknown plan method: 0
INFO - ===== Plan Passive XoT =====
INFO - 0.6336633663366337
INFO - Avg Steps: 1.2772277227722773
INFO - Unknown plan method: 0
INFO - ===== XoT main results =====
INFO - 0.6138613861386139
INFO - Avg Steps: 1.8514851485148516
INFO - Unknown plan method: 0
INFO - ===== PEC ratio =====
INFO - PoT: 43,0.42574257425742573, EoT: 28, 0.27722772277227725,CoT: 30,0.297029702970297
INFO - Save results at outputs/logs/gsm_analysis_0105-123059.log
